0 info it worked if it ends with ok
1 verbose cli [ 'C:\\Program Files\\nodejs\\\\node.exe',
1 verbose cli   'C:\\Program Files\\nodejs\\node_modules\\npm\\bin\\npm-cli.js',
1 verbose cli   'publish',
1 verbose cli   '--tag',
1 verbose cli   'beta' ]
2 info using npm@1.4.28
3 info using node@v0.10.32
4 verbose node symlink C:\Program Files\nodejs\\node.exe
5 verbose publish [ '.' ]
6 verbose cache add [ '.', null ]
7 verbose cache add name=undefined spec="." args=[".",null]
8 verbose parsed url { protocol: null,
8 verbose parsed url   slashes: null,
8 verbose parsed url   auth: null,
8 verbose parsed url   host: null,
8 verbose parsed url   port: null,
8 verbose parsed url   hostname: null,
8 verbose parsed url   hash: null,
8 verbose parsed url   search: null,
8 verbose parsed url   query: null,
8 verbose parsed url   pathname: '.',
8 verbose parsed url   path: '.',
8 verbose parsed url   href: '.' }
9 silly lockFile 3a52ce78- .
10 verbose lock . C:\Users\Mads\AppData\Roaming\npm-cache\3a52ce78-.lock
11 verbose tar pack [ 'C:\\Users\\Mads\\AppData\\Roaming\\npm-cache\\combojs\\0.1.2\\package.tgz',
11 verbose tar pack   '.' ]
12 verbose tarball C:\Users\Mads\AppData\Roaming\npm-cache\combojs\0.1.2\package.tgz
13 verbose folder .
14 info prepublish combojs@0.1.2
15 silly lockFile 1f1177db-tar tar://.
16 verbose lock tar://. C:\Users\Mads\AppData\Roaming\npm-cache\1f1177db-tar.lock
17 silly lockFile 690c0b38--cache-combojs-0-1-2-package-tgz tar://C:\Users\Mads\AppData\Roaming\npm-cache\combojs\0.1.2\package.tgz
18 verbose lock tar://C:\Users\Mads\AppData\Roaming\npm-cache\combojs\0.1.2\package.tgz C:\Users\Mads\AppData\Roaming\npm-cache\690c0b38--cache-combojs-0-1-2-package-tgz.lock
19 silly lockFile 1f1177db-tar tar://.
20 silly lockFile 1f1177db-tar tar://.
21 silly lockFile 690c0b38--cache-combojs-0-1-2-package-tgz tar://C:\Users\Mads\AppData\Roaming\npm-cache\combojs\0.1.2\package.tgz
22 silly lockFile 690c0b38--cache-combojs-0-1-2-package-tgz tar://C:\Users\Mads\AppData\Roaming\npm-cache\combojs\0.1.2\package.tgz
23 silly lockFile b2daaf46--npm-cache-combojs-0-1-2-package C:\Users\Mads\AppData\Roaming\npm-cache\combojs\0.1.2\package
24 verbose lock C:\Users\Mads\AppData\Roaming\npm-cache\combojs\0.1.2\package C:\Users\Mads\AppData\Roaming\npm-cache\b2daaf46--npm-cache-combojs-0-1-2-package.lock
25 silly lockFile b2daaf46--npm-cache-combojs-0-1-2-package C:\Users\Mads\AppData\Roaming\npm-cache\combojs\0.1.2\package
26 silly lockFile b2daaf46--npm-cache-combojs-0-1-2-package C:\Users\Mads\AppData\Roaming\npm-cache\combojs\0.1.2\package
27 silly lockFile 3a52ce78- .
28 silly lockFile 3a52ce78- .
29 silly publish { name: 'combojs',
29 silly publish   version: '0.1.2',
29 silly publish   description: 'A combobox for intelligent, responsive search and filtering.',
29 silly publish   author: { name: 'ahl' },
29 silly publish   contributors:
29 silly publish    [ { name: 'ahl', email: 'ahl@version3.dk' },
29 silly publish      { name: 'mwf', email: 'tugend@gmail.com' } ],
29 silly publish   license: 'MIT',
29 silly publish   main: 'lib/combo.js',
29 silly publish   directories:
29 silly publish    { lib: 'lib/build',
29 silly publish      tests: 'tests/build',
29 silly publish      tests_results: 'tests/results' },
29 silly publish   scripts:
29 silly publish    { '\': 'DEFAULT TARGETS',
29 silly publish      clean_test: 'title clean_test & del .\\tests\\results /Q /S& del .\\tests\\build /Q /S',
29 silly publish      clean_lib: 'title clean_lib & del .\\lib\\build /Q /S',
29 silly publish      clean: 'npm run clean_test& npm run clean_lib',
29 silly publish      watch: 'npm run clean_lib& start npm run stylus_lib& start npm run coffee_lib& start npm run coffee_tests',
29 silly publish      nightwatch_dev: 'title nightwatch_dev & nightwatch --config ./tests/nightwatch.json',
29 silly publish      nightwatch_ie: 'title nightwatch_ie & nightwatch --config ./tests/nightwatch.json -e ie',
29 silly publish      nightwatch_chrome: 'title nightwatch_chrome & nightwatch --config ./tests/nightwatch.json -e chrome',
29 silly publish      nightwatch_firefox: 'title nightwatch_firefox & nightwatch --config ./tests/nightwatch.json -e firefox',
29 silly publish      nightwatch: 'title nightwatch & nightwatch --config ./tests/nightwatch.json -e chrome& nightwatch --config ./tests/nightwatch.json -e ie& nightwatch --config ./tests/nightwatch.json -e firefox',
29 silly publish      testwatch: 'watch "npm run nightwatch_dev" ./tests/build/ --wait=10',
29 silly publish      pretest: 'npm run clean_test & npm run watch',
29 silly publish      test: 'timeout 1 & npm run nightwatch',
29 silly publish      start: 'npm run watch & timeout 1 & start npm run testwatch' },
29 silly publish   repository: { type: 'git', url: 'https://github.com/asgerhallas/combojs' },
29 silly publish   keywords: [ 'searchbox', 'combobox', 'reponsive', 'filter' ],
29 silly publish   bugs: { url: 'https://github.com/asgerhallas/combojs/issues' },
29 silly publish   homepage: 'https://github.com/asgerhallas/combojs',
29 silly publish   dependencies: { jquery: '^2.1.3', underscore: '^1.7.0' },
29 silly publish   devDependencies:
29 silly publish    { 'coffee-script': '^1.8.0',
29 silly publish      stylus: '^0.49.3',
29 silly publish      watch: '^0.13.0' },
29 silly publish   readme: 'combojs\n=======\n\nA performant combobox for filtering long local list of things\n',
29 silly publish   readmeFilename: 'README.md',
29 silly publish   gitHead: 'd67cc91fd02f497e4a22b39405c11ee71305f957',
29 silly publish   _id: 'combojs@0.1.2',
29 silly publish   _shasum: '397000738ab40e1df5dff6edd951d89b4e73eae6',
29 silly publish   _from: '.' }
30 verbose request where is /combojs
31 verbose request registry https://registry.npmjs.org/
32 verbose request id 07a72dd34b4a2da8
33 verbose url raw /combojs
34 verbose url resolving [ 'https://registry.npmjs.org/', './combojs' ]
35 verbose url resolved https://registry.npmjs.org/combojs
36 verbose request where is https://registry.npmjs.org/combojs
37 info trying registry request attempt 1 at 13:56:21
38 http PUT https://registry.npmjs.org/combojs
39 http 403 https://registry.npmjs.org/combojs
40 verbose headers { date: 'Wed, 07 Jan 2015 12:56:21 GMT',
40 verbose headers   server: 'CouchDB/1.5.0 (Erlang OTP/R16B03)',
40 verbose headers   'content-type': 'application/json',
40 verbose headers   'cache-control': 'max-age=60',
40 verbose headers   'content-length': '5281',
40 verbose headers   'accept-ranges': 'bytes',
40 verbose headers   via: '1.1 varnish',
40 verbose headers   'x-served-by': 'cache-fra1242-FRA',
40 verbose headers   'x-cache': 'MISS',
40 verbose headers   'x-cache-hits': '0',
40 verbose headers   'x-timer': 'S1420635380.864361,VS0,VE764',
40 verbose headers   'keep-alive': 'timeout=10, max=50',
40 verbose headers   connection: 'Keep-Alive' }
41 error publish Failed PUT 403
42 error Error: forbidden cannot modify pre-existing version: 0.1.2
42 error old={"name":"combojs","version":"0.1.2","description":"A combobox for intelligent, responsive search and filtering.","author":{"name":"ahl"},"contributors":[{"name":"ahl","email":"ahl@version3.dk"},{"name":"mwf","email":"tugend@gmail.com"}],"license":"MIT","main":"lib/combo.js","directories":{"lib":"lib/build","tests":"tests/build","tests_results":"tests/results"},"scripts":{"\\":"DEFAULT TARGETS","clean_test":"title clean_test & del .\\tests\\results /Q /S& del .\\tests\\build /Q /S","clean_lib":"title clean_lib & del .\\lib\\build /Q /S","clean":"npm run clean_test& npm run clean_lib","watch":"npm run clean_lib& start npm run stylus_lib& start npm run coffee_lib& start npm run coffee_tests","nightwatch_dev":"title nightwatch_dev & nightwatch --config ./tests/nightwatch.json","nightwatch_ie":"title nightwatch_ie & nightwatch --config ./tests/nightwatch.json -e ie","nightwatch_chrome":"title nightwatch_chrome & nightwatch --config ./tests/nightwatch.json -e chrome","nightwatch_firefox":"title nightwatch_firefox & nightwatch --config ./tests/nightwatch.json -e firefox","nightwatch":"title nightwatch & nightwatch --config ./tests/nightwatch.json -e chrome& nightwatch --config ./tests/nightwatch.json -e ie& nightwatch --config ./tests/nightwatch.json -e firefox","testwatch":"watch \"npm run nightwatch_dev\" ./tests/build/ --wait=10","pretest":"npm run clean_test & npm run watch","test":"timeout 1 & npm run nightwatch","start":"npm run watch & timeout 1 & start npm run testwatch"},"repository":{"type":"git","url":"https://github.com/asgerhallas/combojs"},"keywords":["searchbox","combobox","reponsive","filter"],"bugs":{"url":"https://github.com/asgerhallas/combojs/issues"},"homepage":"https://github.com/asgerhallas/combojs","dependencies":{"jquery":"^2.1.3","underscore":"^1.7.0"},"devDependencies":{"coffee-script":"^1.8.0","stylus":"^0.49.3","watch":"^0.13.0"},"gitHead":"d67cc91fd02f497e4a22b39405c11ee71305f957","_id":"combojs@0.1.2","_shasum":"e71b6f8a63d42b55b626a58b0b0689f43d7c0239","_from":".","_npmVersion":"1.4.28","_npmUser":{"name":"ahl","email":"ahl@version3.dk"},"maintainers":[{"name":"ahl","email":"ahl@version3.dk"}],"dist":{"shasum":"e71b6f8a63d42b55b626a58b0b0689f43d7c0239","tarball":"http://registry.npmjs.org/combojs/-/combojs-0.1.2.tgz"}}
42 error new={"name":"combojs","version":"0.1.2","description":"A combobox for intelligent, responsive search and filtering.","author":{"name":"ahl"},"contributors":[{"name":"ahl","email":"ahl@version3.dk"},{"name":"mwf","email":"tugend@gmail.com"}],"license":"MIT","main":"lib/combo.js","directories":{"lib":"lib/build","tests":"tests/build","tests_results":"tests/results"},"scripts":{"\\":"DEFAULT TARGETS","clean_test":"title clean_test & del .\\tests\\results /Q /S& del .\\tests\\build /Q /S","clean_lib":"title clean_lib & del .\\lib\\build /Q /S","clean":"npm run clean_test& npm run clean_lib","watch":"npm run clean_lib& start npm run stylus_lib& start npm run coffee_lib& start npm run coffee_tests","nightwatch_dev":"title nightwatch_dev & nightwatch --config ./tests/nightwatch.json","nightwatch_ie":"title nightwatch_ie & nightwatch --config ./tests/nightwatch.json -e ie","nightwatch_chrome":"title nightwatch_chrome & nightwatch --config ./tests/nightwatch.json -e chrome","nightwatch_firefox":"title nightwatch_firefox & nightwatch --config ./tests/nightwatch.json -e firefox","nightwatch":"title nightwatch & nightwatch --config ./tests/nightwatch.json -e chrome& nightwatch --config ./tests/nightwatch.json -e ie& nightwatch --config ./tests/nightwatch.json -e firefox","testwatch":"watch \"npm run nightwatch_dev\" ./tests/build/ --wait=10","pretest":"npm run clean_test & npm run watch","test":"timeout 1 & npm run nightwatch","start":"npm run watch & timeout 1 & start npm run testwatch"},"repository":{"type":"git","url":"https://github.com/asgerhallas/combojs"},"keywords":["searchbox","combobox","reponsive","filter"],"bugs":{"url":"https://github.com/asgerhallas/combojs/issues"},"homepage":"https://github.com/asgerhallas/combojs","dependencies":{"jquery":"^2.1.3","underscore":"^1.7.0"},"devDependencies":{"coffee-script":"^1.8.0","stylus":"^0.49.3","watch":"^0.13.0"},"readme":"combojs\u000a=======\u000a\u000aA performant combobox for filtering long local list of things\u000a","readmeFilename":"README.md","gitHead":"d67cc91fd02f497e4a22b39405c11ee71305f957","_id":"combojs@0.1.2","_shasum":"397000738ab40e1df5dff6edd951d89b4e73eae6","_from":".","_npmVersion":"1.4.28","_npmUser":{"name":"ahl","email":"ahl@version3.dk"},"maintainers":[{"name":"ahl","email":"ahl@version3.dk"}],"dist":{"shasum":"397000738ab40e1df5dff6edd951d89b4e73eae6","tarball":"http://registry.npmjs.org/combojs/-/combojs-0.1.2.tgz"}}: combojs
42 error     at RegClient.<anonymous> (C:\Program Files\nodejs\node_modules\npm\node_modules\npm-registry-client\lib\request.js:308:14)
42 error     at Request._callback (C:\Program Files\nodejs\node_modules\npm\node_modules\npm-registry-client\lib\request.js:246:65)
42 error     at Request.self.callback (C:\Program Files\nodejs\node_modules\npm\node_modules\request\request.js:236:22)
42 error     at Request.emit (events.js:98:17)
42 error     at Request.<anonymous> (C:\Program Files\nodejs\node_modules\npm\node_modules\request\request.js:1142:14)
42 error     at Request.emit (events.js:117:20)
42 error     at IncomingMessage.<anonymous> (C:\Program Files\nodejs\node_modules\npm\node_modules\request\request.js:1096:12)
42 error     at IncomingMessage.emit (events.js:117:20)
42 error     at _stream_readable.js:943:16
42 error     at process._tickCallback (node.js:419:13)
43 error If you need help, you may report this *entire* log,
43 error including the npm and node versions, at:
43 error     <http://github.com/npm/npm/issues>
44 error System Windows_NT 6.2.9200
45 error command "C:\\Program Files\\nodejs\\\\node.exe" "C:\\Program Files\\nodejs\\node_modules\\npm\\bin\\npm-cli.js" "publish" "--tag" "beta"
46 error cwd C:\workspace\combojs
47 error node -v v0.10.32
48 error npm -v 1.4.28
49 verbose exit [ 1, true ]
